# JRE version: Java(TM) SE Runtime Environment (20.0+36) (build 20+36-2344)
# Java VM: Java HotSpot(TM) 64-Bit Server VM (20+36-2344, mixed mode, emulated-client, sharing, tiered, compressed oops, compressed class ptrs, g1 gc, windows-amd64)
GC Precious Log:
 CardTable entry size: 512
 Card Set container configuration: InlinePtr #cards 5 size 8 Array Of Cards #cards 12 size 40 Howl #buckets 4 coarsen threshold 1843 Howl Bitmap #cards 512 size 80 coarsen threshold 460 Card regions per heap region 1 cards per card region 2048
 CPUs: 12 total, 12 available
 Memory: 7795M
 Large Page Support: Disabled
 NUMA Support: Disabled
 Compressed Oops: Enabled (32-bit)
 Heap Region Size: 1M
 Heap Min Capacity: 8M
 Heap Initial Capacity: 122M
 Heap Max Capacity: 1950M
 Pre-touch: Disabled
 Parallel Workers: 10
 Concurrent Workers: 3
 Concurrent Refinement Workers: 10
 Periodic GC: Disabled
Heap:
 garbage-first heap   total 70656K, used 27890K [0x0000000086200000, 0x0000000100000000)
  region size 1024K, 10 young (10240K), 3 survivors (3072K)
 Metaspace       used 45073K, committed 45696K, reserved 1114112K
  class space    used 6048K, committed 6336K, reserved 1048576K
GC Heap History (20 events):
Event: 1.423 GC heap before
{Heap before GC invocations=5 (full 0):
 garbage-first heap   total 48128K, used 34756K [0x0000000086200000, 0x0000000100000000)
  region size 1024K, 28 young (28672K), 5 survivors (5120K)
 Metaspace       used 20893K, committed 21248K, reserved 1114112K
  class space    used 2649K, committed 2816K, reserved 1048576K
}
Event: 1.426 GC heap after
{Heap after GC invocations=6 (full 0):
 garbage-first heap   total 48128K, used 12302K [0x0000000086200000, 0x0000000100000000)
  region size 1024K, 2 young (2048K), 2 survivors (2048K)
 Metaspace       used 20893K, committed 21248K, reserved 1114112K
  class space    used 2649K, committed 2816K, reserved 1048576K
}
Event: 1.607 GC heap before
{Heap before GC invocations=6 (full 0):
 garbage-first heap   total 48128K, used 38926K [0x0000000086200000, 0x0000000100000000)
  region size 1024K, 28 young (28672K), 2 survivors (2048K)
 Metaspace       used 22248K, committed 22592K, reserved 1114112K
  class space    used 2849K, committed 3008K, reserved 1048576K
}
Event: 1.609 GC heap after
{Heap after GC invocations=7 (full 0):
 garbage-first heap   total 48128K, used 13285K [0x0000000086200000, 0x0000000100000000)
  region size 1024K, 3 young (3072K), 3 survivors (3072K)
 Metaspace       used 22248K, committed 22592K, reserved 1114112K
  class space    used 2849K, committed 3008K, reserved 1048576K
}
Event: 1.787 GC heap before
{Heap before GC invocations=7 (full 0):
 garbage-first heap   total 48128K, used 37861K [0x0000000086200000, 0x0000000100000000)
  region size 1024K, 28 young (28672K), 3 survivors (3072K)
 Metaspace       used 23929K, committed 24320K, reserved 1114112K
  class space    used 3111K, committed 3264K, reserved 1048576K
}
Event: 1.789 GC heap after
{Heap after GC invocations=8 (full 0):
 garbage-first heap   total 58368K, used 14224K [0x0000000086200000, 0x0000000100000000)
  region size 1024K, 3 young (3072K), 3 survivors (3072K)
 Metaspace       used 23929K, committed 24320K, reserved 1114112K
  class space    used 3111K, committed 3264K, reserved 1048576K
}
Event: 2.021 GC heap before
{Heap before GC invocations=8 (full 0):
 garbage-first heap   total 58368K, used 45968K [0x0000000086200000, 0x0000000100000000)
  region size 1024K, 34 young (34816K), 3 survivors (3072K)
 Metaspace       used 26786K, committed 27328K, reserved 1114112K
  class space    used 3540K, committed 3776K, reserved 1048576K
}
Event: 2.024 GC heap after
{Heap after GC invocations=9 (full 0):
 garbage-first heap   total 58368K, used 16369K [0x0000000086200000, 0x0000000100000000)
  region size 1024K, 5 young (5120K), 5 survivors (5120K)
 Metaspace       used 26786K, committed 27328K, reserved 1114112K
  class space    used 3540K, committed 3776K, reserved 1048576K
}
Event: 2.219 GC heap before
{Heap before GC invocations=9 (full 0):
 garbage-first heap   total 58368K, used 45041K [0x0000000086200000, 0x0000000100000000)
  region size 1024K, 34 young (34816K), 5 survivors (5120K)
 Metaspace       used 29466K, committed 30016K, reserved 1114112K
  class space    used 3878K, committed 4096K, reserved 1048576K
}
Event: 2.224 GC heap after
{Heap after GC invocations=10 (full 0):
 garbage-first heap   total 58368K, used 18058K [0x0000000086200000, 0x0000000100000000)
  region size 1024K, 4 young (4096K), 4 survivors (4096K)
 Metaspace       used 29466K, committed 30016K, reserved 1114112K
  class space    used 3878K, committed 4096K, reserved 1048576K
}
Event: 2.409 GC heap before
{Heap before GC invocations=10 (full 0):
 garbage-first heap   total 58368K, used 48778K [0x0000000086200000, 0x0000000100000000)
  region size 1024K, 34 young (34816K), 4 survivors (4096K)
 Metaspace       used 32270K, committed 32832K, reserved 1114112K
  class space    used 4220K, committed 4480K, reserved 1048576K
}
Event: 2.413 GC heap after
{Heap after GC invocations=11 (full 0):
 garbage-first heap   total 58368K, used 19385K [0x0000000086200000, 0x0000000100000000)
  region size 1024K, 4 young (4096K), 4 survivors (4096K)
 Metaspace       used 32270K, committed 32832K, reserved 1114112K
  class space    used 4220K, committed 4480K, reserved 1048576K
}
Event: 2.417 GC heap before
{Heap before GC invocations=11 (full 0):
 garbage-first heap   total 58368K, used 19385K [0x0000000086200000, 0x0000000100000000)
  region size 1024K, 5 young (5120K), 4 survivors (4096K)
 Metaspace       used 32352K, committed 32896K, reserved 1114112K
  class space    used 4233K, committed 4480K, reserved 1048576K
}
Event: 2.420 GC heap after
{Heap after GC invocations=12 (full 0):
 garbage-first heap   total 70656K, used 19463K [0x0000000086200000, 0x0000000100000000)
  region size 1024K, 2 young (2048K), 2 survivors (2048K)
 Metaspace       used 32352K, committed 32896K, reserved 1114112K
  class space    used 4233K, committed 4480K, reserved 1048576K
}
Event: 2.645 GC heap before
{Heap before GC invocations=13 (full 0):
 garbage-first heap   total 70656K, used 59399K [0x0000000086200000, 0x0000000100000000)
  region size 1024K, 41 young (41984K), 2 survivors (2048K)
 Metaspace       used 36302K, committed 36928K, reserved 1114112K
  class space    used 4770K, committed 5056K, reserved 1048576K
}
Event: 2.647 GC heap after
{Heap after GC invocations=14 (full 0):
 garbage-first heap   total 70656K, used 20734K [0x0000000086200000, 0x0000000100000000)
  region size 1024K, 3 young (3072K), 3 survivors (3072K)
 Metaspace       used 36302K, committed 36928K, reserved 1114112K
  class space    used 4770K, committed 5056K, reserved 1048576K
}
Event: 2.837 GC heap before
{Heap before GC invocations=14 (full 0):
 garbage-first heap   total 70656K, used 59646K [0x0000000086200000, 0x0000000100000000)
  region size 1024K, 41 young (41984K), 3 survivors (3072K)
 Metaspace       used 40123K, committed 40704K, reserved 1114112K
  class space    used 5327K, committed 5568K, reserved 1048576K
}
Event: 2.840 GC heap after
{Heap after GC invocations=15 (full 0):
 garbage-first heap   total 70656K, used 21005K [0x0000000086200000, 0x0000000100000000)
  region size 1024K, 4 young (4096K), 4 survivors (4096K)
 Metaspace       used 40123K, committed 40704K, reserved 1114112K
  class space    used 5327K, committed 5568K, reserved 1048576K
}
Event: 3.025 GC heap before
{Heap before GC invocations=15 (full 0):
 garbage-first heap   total 70656K, used 57869K [0x0000000086200000, 0x0000000100000000)
  region size 1024K, 41 young (41984K), 4 survivors (4096K)
 Metaspace       used 44426K, committed 44992K, reserved 1114112K
  class space    used 5969K, committed 6208K, reserved 1048576K
}
Event: 3.028 GC heap after
{Heap after GC invocations=16 (full 0):
 garbage-first heap   total 70656K, used 21746K [0x0000000086200000, 0x0000000100000000)
  region size 1024K, 3 young (3072K), 3 survivors (3072K)
 Metaspace       used 44426K, committed 44992K, reserved 1114112K
  class space    used 5969K, committed 6208K, reserved 1048576K
}

